<?xml version="1.0" encoding="UTF-8"?>
<coverage generated="1778807431594" clover="3.2.0">
  <project timestamp="1778807431594" name="All files">
    <metrics statements="357" coveredstatements="253" conditionals="114" coveredconditionals="57" methods="15" coveredmethods="14" elements="486" coveredelements="324" complexity="0" loc="357" ncloc="357" packages="1" files="1" classes="1"/>
    <file name="index.ts" path="/Users/wibowo/Kerjaan/RND/kajian-baru/packages/parser/src/index.ts">
      <metrics statements="357" coveredstatements="253" conditionals="114" coveredconditionals="57" methods="15" coveredmethods="14"/>
      <line num="15" count="1" type="stmt"/>
      <line num="16" count="1" type="stmt"/>
      <line num="17" count="1" type="stmt"/>
      <line num="18" count="1" type="stmt"/>
      <line num="19" count="1" type="stmt"/>
      <line num="20" count="1" type="stmt"/>
      <line num="21" count="1" type="stmt"/>
      <line num="22" count="1" type="stmt"/>
      <line num="23" count="1" type="stmt"/>
      <line num="24" count="1" type="stmt"/>
      <line num="32" count="1" type="cond" truecount="1" falsecount="0"/>
      <line num="33" count="6" type="stmt"/>
      <line num="34" count="6" type="stmt"/>
      <line num="36" count="6" type="stmt"/>
      <line num="37" count="6" type="cond" truecount="0" falsecount="1"/>
      <line num="38" count="0" type="stmt"/>
      <line num="39" count="0" type="stmt"/>
      <line num="40" count="0" type="stmt"/>
      <line num="41" count="0" type="stmt"/>
      <line num="42" count="0" type="stmt"/>
      <line num="43" count="0" type="stmt"/>
      <line num="44" count="0" type="stmt"/>
      <line num="47" count="6" type="stmt"/>
      <line num="50" count="6" type="stmt"/>
      <line num="52" count="6" type="cond" truecount="0" falsecount="1"/>
      <line num="53" count="0" type="stmt"/>
      <line num="54" count="0" type="stmt"/>
      <line num="55" count="0" type="stmt"/>
      <line num="56" count="0" type="stmt"/>
      <line num="57" count="0" type="stmt"/>
      <line num="58" count="0" type="stmt"/>
      <line num="59" count="0" type="stmt"/>
      <line num="62" count="6" type="cond" truecount="1" falsecount="0"/>
      <line num="63" count="12" type="stmt"/>
      <line num="64" count="12" type="cond" truecount="0" falsecount="1"/>
      <line num="66" count="12" type="stmt"/>
      <line num="67" count="12" type="stmt"/>
      <line num="71" count="12" type="cond" truecount="0" falsecount="3"/>
      <line num="72" count="0" type="stmt"/>
      <line num="73" count="0" type="stmt"/>
      <line num="74" count="0" type="stmt"/>
      <line num="76" count="12" type="stmt"/>
      <line num="77" count="12" type="cond" truecount="0" falsecount="1"/>
      <line num="78" count="0" type="stmt"/>
      <line num="79" count="0" type="stmt"/>
      <line num="80" count="0" type="stmt"/>
      <line num="81" count="0" type="stmt"/>
      <line num="82" count="0" type="stmt"/>
      <line num="83" count="0" type="stmt"/>
      <line num="84" count="12" type="stmt"/>
      <line num="86" count="6" type="stmt"/>
      <line num="87" count="6" type="stmt"/>
      <line num="88" count="6" type="stmt"/>
      <line num="89" count="6" type="stmt"/>
      <line num="90" count="6" type="stmt"/>
      <line num="91" count="6" type="stmt"/>
      <line num="92" count="6" type="stmt"/>
      <line num="95" count="1" type="stmt"/>
      <line num="96" count="1" type="stmt"/>
      <line num="97" count="1" type="stmt"/>
      <line num="98" count="1" type="stmt"/>
      <line num="99" count="1" type="stmt"/>
      <line num="100" count="1" type="stmt"/>
      <line num="105" count="6" type="cond" truecount="1" falsecount="0"/>
      <line num="106" count="6" type="cond" truecount="0" falsecount="1"/>
      <line num="109" count="6" type="cond" truecount="0" falsecount="1"/>
      <line num="111" count="6" type="stmt"/>
      <line num="112" count="6" type="stmt"/>
      <line num="113" count="6" type="cond" truecount="0" falsecount="1"/>
      <line num="114" count="6" type="cond" truecount="0" falsecount="1"/>
      <line num="115" count="6" type="cond" truecount="0" falsecount="1"/>
      <line num="116" count="6" type="cond" truecount="0" falsecount="1"/>
      <line num="118" count="6" type="stmt"/>
      <line num="119" count="6" type="stmt"/>
      <line num="120" count="6" type="stmt"/>
      <line num="121" count="6" type="cond" truecount="0" falsecount="1"/>
      <line num="122" count="0" type="stmt"/>
      <line num="123" count="0" type="stmt"/>
      <line num="133" count="6" type="cond" truecount="1" falsecount="0"/>
      <line num="134" count="6" type="stmt"/>
      <line num="135" count="6" type="cond" truecount="0" falsecount="1"/>
      <line num="138" count="6" type="stmt"/>
      <line num="139" count="6" type="cond" truecount="0" falsecount="1"/>
      <line num="142" count="6" type="stmt"/>
      <line num="145" count="6" type="stmt"/>
      <line num="146" count="6" type="cond" truecount="0" falsecount="1"/>
      <line num="149" count="6" type="stmt"/>
      <line num="150" count="6" type="cond" truecount="0" falsecount="1"/>
      <line num="152" count="6" type="stmt"/>
      <line num="153" count="6" type="stmt"/>
      <line num="157" count="6" type="cond" truecount="1" falsecount="0"/>
      <line num="158" count="6" type="stmt"/>
      <line num="159" count="6" type="stmt"/>
      <line num="162" count="6" type="stmt"/>
      <line num="163" count="6" type="stmt"/>
      <line num="164" count="6" type="stmt"/>
      <line num="165" count="6" type="cond" truecount="1" falsecount="0"/>
      <line num="166" count="6" type="cond" truecount="1" falsecount="0"/>
      <line num="167" count="6" type="cond" truecount="0" falsecount="1"/>
      <line num="170" count="0" type="stmt"/>
      <line num="171" count="0" type="stmt"/>
      <line num="173" count="0" type="stmt"/>
      <line num="174" count="0" type="stmt"/>
      <line num="175" count="0" type="stmt"/>
      <line num="179" count="0" type="stmt"/>
      <line num="180" count="0" type="stmt"/>
      <line num="184" count="12" type="cond" truecount="1" falsecount="0"/>
      <line num="185" count="12" type="cond" truecount="1" falsecount="0"/>
      <line num="187" count="12" type="stmt"/>
      <line num="188" count="12" type="stmt"/>
      <line num="189" count="12" type="stmt"/>
      <line num="190" count="12" type="stmt"/>
      <line num="191" count="12" type="stmt"/>
      <line num="192" count="12" type="stmt"/>
      <line num="193" count="12" type="stmt"/>
      <line num="194" count="12" type="stmt"/>
      <line num="196" count="12" type="stmt"/>
      <line num="198" count="12" type="cond" truecount="1" falsecount="0"/>
      <line num="199" count="72" type="cond" truecount="2" falsecount="0"/>
      <line num="202" count="66" type="stmt"/>
      <line num="203" count="72" type="cond" truecount="0" falsecount="2"/>
      <line num="204" count="0" type="stmt"/>
      <line num="205" count="0" type="stmt"/>
      <line num="206" count="0" type="cond" truecount="1" falsecount="0"/>
      <line num="209" count="72" type="cond" truecount="1" falsecount="0"/>
      <line num="210" count="72" type="cond" truecount="2" falsecount="0"/>
      <line num="211" count="72" type="cond" truecount="2" falsecount="0"/>
      <line num="212" count="72" type="cond" truecount="1" falsecount="0"/>
      <line num="213" count="72" type="cond" truecount="2" falsecount="0"/>
      <line num="214" count="72" type="cond" truecount="1" falsecount="0"/>
      <line num="215" count="72" type="cond" truecount="5" falsecount="0"/>
      <line num="217" count="72" type="cond" truecount="1" falsecount="0"/>
      <line num="218" count="12" type="stmt"/>
      <line num="219" count="12" type="stmt"/>
      <line num="220" count="72" type="cond" truecount="2" falsecount="0"/>
      <line num="221" count="12" type="stmt"/>
      <line num="222" count="12" type="stmt"/>
      <line num="223" count="54" type="cond" truecount="2" falsecount="0"/>
      <line num="224" count="12" type="stmt"/>
      <line num="225" count="12" type="stmt"/>
      <line num="226" count="42" type="cond" truecount="2" falsecount="0"/>
      <line num="227" count="12" type="stmt"/>
      <line num="228" count="12" type="stmt"/>
      <line num="229" count="30" type="cond" truecount="1" falsecount="1"/>
      <line num="230" count="0" type="stmt"/>
      <line num="231" count="0" type="stmt"/>
      <line num="232" count="0" type="stmt"/>
      <line num="233" count="0" type="stmt"/>
      <line num="234" count="0" type="stmt"/>
      <line num="235" count="0" type="stmt"/>
      <line num="236" count="0" type="stmt"/>
      <line num="237" count="0" type="stmt"/>
      <line num="238" count="18" type="cond" truecount="1" falsecount="0"/>
      <line num="239" count="12" type="stmt"/>
      <line num="240" count="12" type="stmt"/>
      <line num="241" count="18" type="cond" truecount="1" falsecount="1"/>
      <line num="242" count="0" type="stmt"/>
      <line num="243" count="0" type="stmt"/>
      <line num="244" count="6" type="stmt"/>
      <line num="246" count="6" type="cond" truecount="0" falsecount="1"/>
      <line num="247" count="6" type="cond" truecount="0" falsecount="1"/>
      <line num="248" count="6" type="cond" truecount="0" falsecount="1"/>
      <line num="249" count="6" type="cond" truecount="0" falsecount="1"/>
      <line num="250" count="6" type="cond" truecount="0" falsecount="1"/>
      <line num="251" count="6" type="cond" truecount="0" falsecount="1"/>
      <line num="252" count="6" type="cond" truecount="0" falsecount="1"/>
      <line num="253" count="6" type="stmt"/>
      <line num="255" count="6" type="cond" truecount="0" falsecount="1"/>
      <line num="256" count="0" type="stmt"/>
      <line num="257" count="0" type="stmt"/>
      <line num="258" count="6" type="stmt"/>
      <line num="259" count="6" type="stmt"/>
      <line num="260" count="72" type="stmt"/>
      <line num="264" count="12" type="cond" truecount="0" falsecount="2"/>
      <line num="265" count="0" type="stmt"/>
      <line num="266" count="0" type="stmt"/>
      <line num="267" count="0" type="stmt"/>
      <line num="268" count="0" type="stmt"/>
      <line num="269" count="0" type="stmt"/>
      <line num="270" count="0" type="stmt"/>
      <line num="273" count="12" type="stmt"/>
      <line num="274" count="12" type="stmt"/>
      <line num="275" count="12" type="stmt"/>
      <line num="276" count="12" type="stmt"/>
      <line num="277" count="12" type="stmt"/>
      <line num="280" count="12" type="stmt"/>
      <line num="281" count="12" type="stmt"/>
      <line num="284" count="12" type="cond" truecount="1" falsecount="0"/>
      <line num="285" count="6" type="stmt"/>
      <line num="286" count="6" type="cond" truecount="0" falsecount="1"/>
      <line num="287" count="6" type="stmt"/>
      <line num="290" count="12" type="stmt"/>
      <line num="291" count="12" type="cond" truecount="0" falsecount="2"/>
      <line num="292" count="0" type="stmt"/>
      <line num="293" count="0" type="stmt"/>
      <line num="294" count="0" type="stmt"/>
      <line num="296" count="12" type="cond" truecount="0" falsecount="1"/>
      <line num="299" count="12" type="stmt"/>
      <line num="300" count="12" type="stmt"/>
      <line num="301" count="12" type="stmt"/>
      <line num="302" count="12" type="stmt"/>
      <line num="304" count="12" type="stmt"/>
      <line num="305" count="12" type="stmt"/>
      <line num="306" count="12" type="stmt"/>
      <line num="308" count="12" type="stmt"/>
      <line num="309" count="12" type="cond" truecount="0" falsecount="1"/>
      <line num="310" count="12" type="stmt"/>
      <line num="311" count="12" type="stmt"/>
      <line num="312" count="12" type="stmt"/>
      <line num="313" count="12" type="stmt"/>
      <line num="314" count="12" type="stmt"/>
      <line num="315" count="12" type="stmt"/>
      <line num="316" count="12" type="stmt"/>
      <line num="317" count="12" type="stmt"/>
      <line num="318" count="12" type="stmt"/>
      <line num="319" count="12" type="stmt"/>
      <line num="320" count="12" type="stmt"/>
      <line num="321" count="12" type="stmt"/>
      <line num="322" count="12" type="stmt"/>
      <line num="323" count="12" type="stmt"/>
      <line num="324" count="12" type="stmt"/>
      <line num="325" count="12" type="stmt"/>
      <line num="326" count="12" type="stmt"/>
      <line num="330" count="0" type="stmt"/>
      <line num="331" count="0" type="stmt"/>
      <line num="332" count="0" type="stmt"/>
      <line num="334" count="0" type="stmt"/>
      <line num="335" count="0" type="stmt"/>
      <line num="336" count="0" type="stmt"/>
      <line num="337" count="0" type="stmt"/>
      <line num="338" count="0" type="stmt"/>
      <line num="339" count="0" type="stmt"/>
      <line num="340" count="0" type="stmt"/>
      <line num="342" count="0" type="stmt"/>
      <line num="344" count="0" type="stmt"/>
      <line num="346" count="0" type="stmt"/>
      <line num="347" count="0" type="stmt"/>
      <line num="348" count="0" type="stmt"/>
      <line num="349" count="0" type="stmt"/>
      <line num="350" count="0" type="stmt"/>
      <line num="351" count="0" type="stmt"/>
      <line num="352" count="0" type="stmt"/>
      <line num="354" count="0" type="stmt"/>
      <line num="355" count="0" type="stmt"/>
      <line num="356" count="0" type="stmt"/>
      <line num="357" count="0" type="stmt"/>
      <line num="358" count="0" type="stmt"/>
      <line num="362" count="60" type="cond" truecount="1" falsecount="0"/>
      <line num="363" count="60" type="stmt"/>
      <line num="364" count="60" type="stmt"/>
      <line num="365" count="60" type="stmt"/>
      <line num="366" count="60" type="stmt"/>
      <line num="367" count="60" type="stmt"/>
      <line num="371" count="12" type="cond" truecount="1" falsecount="0"/>
      <line num="372" count="12" type="stmt"/>
      <line num="373" count="12" type="stmt"/>
      <line num="375" count="12" type="cond" truecount="1" falsecount="0"/>
      <line num="376" count="12" type="stmt"/>
      <line num="377" count="12" type="stmt"/>
      <line num="378" count="12" type="stmt"/>
      <line num="379" count="12" type="stmt"/>
      <line num="380" count="12" type="stmt"/>
      <line num="381" count="12" type="stmt"/>
      <line num="382" count="12" type="stmt"/>
      <line num="383" count="12" type="stmt"/>
      <line num="384" count="12" type="stmt"/>
      <line num="385" count="12" type="stmt"/>
      <line num="389" count="12" type="cond" truecount="1" falsecount="0"/>
      <line num="391" count="12" type="stmt"/>
      <line num="393" count="12" type="cond" truecount="0" falsecount="1"/>
      <line num="396" count="12" type="stmt"/>
      <line num="397" count="12" type="cond" truecount="1" falsecount="0"/>
      <line num="398" count="6" type="stmt"/>
      <line num="399" count="6" type="cond" truecount="0" falsecount="1"/>
      <line num="400" count="6" type="cond" truecount="0" falsecount="1"/>
      <line num="401" count="6" type="stmt"/>
      <line num="402" count="6" type="stmt"/>
      <line num="405" count="6" type="stmt"/>
      <line num="406" count="12" type="cond" truecount="0" falsecount="1"/>
      <line num="407" count="0" type="stmt"/>
      <line num="408" count="0" type="stmt"/>
      <line num="409" count="0" type="stmt"/>
      <line num="410" count="0" type="stmt"/>
      <line num="411" count="0" type="cond" truecount="1" falsecount="0"/>
      <line num="414" count="6" type="stmt"/>
      <line num="415" count="6" type="stmt"/>
      <line num="416" count="6" type="stmt"/>
      <line num="417" count="6" type="cond" truecount="0" falsecount="1"/>
      <line num="418" count="6" type="cond" truecount="0" falsecount="1"/>
      <line num="419" count="6" type="stmt"/>
      <line num="420" count="6" type="cond" truecount="0" falsecount="1"/>
      <line num="423" count="0" type="stmt"/>
      <line num="424" count="0" type="stmt"/>
      <line num="425" count="0" type="stmt"/>
      <line num="426" count="0" type="stmt"/>
      <line num="427" count="0" type="stmt"/>
      <line num="428" count="0" type="stmt"/>
      <line num="429" count="0" type="stmt"/>
      <line num="430" count="0" type="stmt"/>
      <line num="431" count="0" type="stmt"/>
      <line num="433" count="0" type="stmt"/>
      <line num="434" count="0" type="stmt"/>
      <line num="438" count="12" type="cond" truecount="1" falsecount="0"/>
      <line num="440" count="12" type="stmt"/>
      <line num="443" count="12" type="stmt"/>
      <line num="444" count="12" type="cond" truecount="2" falsecount="0"/>
      <line num="447" count="12" type="stmt"/>
      <line num="450" count="12" type="stmt"/>
      <line num="451" count="12" type="stmt"/>
      <line num="452" count="12" type="stmt"/>
      <line num="453" count="12" type="cond" truecount="0" falsecount="1"/>
      <line num="454" count="12" type="cond" truecount="0" falsecount="1"/>
      <line num="455" count="12" type="stmt"/>
      <line num="456" count="12" type="stmt"/>
      <line num="457" count="12" type="cond" truecount="0" falsecount="1"/>
      <line num="459" count="0" type="stmt"/>
      <line num="460" count="0" type="stmt"/>
      <line num="464" count="12" type="cond" truecount="1" falsecount="0"/>
      <line num="465" count="12" type="stmt"/>
      <line num="468" count="12" type="stmt"/>
      <line num="471" count="12" type="stmt"/>
      <line num="472" count="12" type="stmt"/>
      <line num="473" count="12" type="stmt"/>
      <line num="475" count="12" type="stmt"/>
      <line num="476" count="12" type="stmt"/>
      <line num="478" count="12" type="cond" truecount="1" falsecount="0"/>
      <line num="479" count="12" type="stmt"/>
      <line num="480" count="12" type="cond" truecount="0" falsecount="1"/>
      <line num="482" count="12" type="cond" truecount="0" falsecount="1"/>
      <line num="483" count="12" type="cond" truecount="2" falsecount="0"/>
      <line num="484" count="12" type="cond" truecount="1" falsecount="2"/>
      <line num="485" count="6" type="stmt"/>
      <line num="486" count="6" type="stmt"/>
      <line num="490" count="12" type="cond" truecount="1" falsecount="0"/>
      <line num="491" count="12" type="cond" truecount="1" falsecount="0"/>
      <line num="492" count="12" type="stmt"/>
      <line num="494" count="12" type="cond" truecount="1" falsecount="0"/>
      <line num="495" count="6" type="stmt"/>
      <line num="496" count="6" type="stmt"/>
      <line num="497" count="12" type="cond" truecount="0" falsecount="1"/>
      <line num="498" count="0" type="stmt"/>
      <line num="499" count="0" type="cond" truecount="1" falsecount="0"/>
      <line num="501" count="6" type="stmt"/>
      <line num="502" count="6" type="stmt"/>
      <line num="506" count="12" type="cond" truecount="1" falsecount="0"/>
      <line num="508" count="12" type="stmt"/>
      <line num="509" count="12" type="stmt"/>
      <line num="510" count="12" type="cond" truecount="0" falsecount="2"/>
      <line num="511" count="0" type="stmt"/>
      <line num="512" count="0" type="stmt"/>
      <line num="515" count="12" type="stmt"/>
      <line num="516" count="12" type="stmt"/>
      <line num="517" count="12" type="cond" truecount="0" falsecount="2"/>
      <line num="518" count="0" type="stmt"/>
      <line num="519" count="0" type="stmt"/>
      <line num="521" count="12" type="stmt"/>
      <line num="522" count="12" type="stmt"/>
    </file>
  </project>
</coverage>
