{"/Users/wibowo/Kerjaan/RND/kajian-baru/packages/parser/src/index.ts": {"path":"/Users/wibowo/Kerjaan/RND/kajian-baru/packages/parser/src/index.ts","all":false,"statementMap":{"14":{"start":{"line":15,"column":0},"end":{"line":15,"column":72}},"15":{"start":{"line":16,"column":0},"end":{"line":16,"column":51}},"16":{"start":{"line":17,"column":0},"end":{"line":17,"column":51}},"17":{"start":{"line":18,"column":0},"end":{"line":18,"column":46}},"18":{"start":{"line":19,"column":0},"end":{"line":19,"column":53}},"19":{"start":{"line":20,"column":0},"end":{"line":20,"column":53}},"20":{"start":{"line":21,"column":0},"end":{"line":21,"column":51}},"21":{"start":{"line":22,"column":0},"end":{"line":22,"column":51}},"22":{"start":{"line":23,"column":0},"end":{"line":23,"column":52}},"23":{"start":{"line":24,"column":0},"end":{"line":24,"column":1}},"31":{"start":{"line":32,"column":0},"end":{"line":32,"column":60}},"32":{"start":{"line":33,"column":0},"end":{"line":33,"column":33}},"33":{"start":{"line":34,"column":0},"end":{"line":34,"column":33}},"35":{"start":{"line":36,"column":0},"end":{"line":36,"column":29}},"36":{"start":{"line":37,"column":0},"end":{"line":37,"column":14}},"37":{"start":{"line":38,"column":0},"end":{"line":38,"column":12}},"38":{"start":{"line":39,"column":0},"end":{"line":39,"column":21}},"39":{"start":{"line":40,"column":0},"end":{"line":40,"column":22}},"40":{"start":{"line":41,"column":0},"end":{"line":41,"column":74}},"41":{"start":{"line":42,"column":0},"end":{"line":42,"column":24}},"42":{"start":{"line":43,"column":0},"end":{"line":43,"column":5}},"43":{"start":{"line":44,"column":0},"end":{"line":44,"column":3}},"46":{"start":{"line":47,"column":0},"end":{"line":47,"column":36}},"49":{"start":{"line":50,"column":0},"end":{"line":50,"column":38}},"51":{"start":{"line":52,"column":0},"end":{"line":52,"column":28}},"52":{"start":{"line":53,"column":0},"end":{"line":53,"column":12}},"53":{"start":{"line":54,"column":0},"end":{"line":54,"column":21}},"54":{"start":{"line":55,"column":0},"end":{"line":55,"column":22}},"55":{"start":{"line":56,"column":0},"end":{"line":56,"column":93}},"56":{"start":{"line":57,"column":0},"end":{"line":57,"column":24}},"57":{"start":{"line":58,"column":0},"end":{"line":58,"column":5}},"58":{"start":{"line":59,"column":0},"end":{"line":59,"column":3}},"61":{"start":{"line":62,"column":0},"end":{"line":62,"column":43}},"62":{"start":{"line":63,"column":0},"end":{"line":63,"column":27}},"63":{"start":{"line":64,"column":0},"end":{"line":64,"column":24}},"65":{"start":{"line":66,"column":0},"end":{"line":66,"column":9}},"66":{"start":{"line":67,"column":0},"end":{"line":67,"column":49}},"70":{"start":{"line":71,"column":0},"end":{"line":71,"column":65}},"71":{"start":{"line":72,"column":0},"end":{"line":72,"column":113}},"72":{"start":{"line":73,"column":0},"end":{"line":73,"column":16}},"73":{"start":{"line":74,"column":0},"end":{"line":74,"column":7}},"75":{"start":{"line":76,"column":0},"end":{"line":76,"column":29}},"76":{"start":{"line":77,"column":0},"end":{"line":77,"column":19}},"77":{"start":{"line":78,"column":0},"end":{"line":78,"column":19}},"78":{"start":{"line":79,"column":0},"end":{"line":79,"column":23}},"79":{"start":{"line":80,"column":0},"end":{"line":80,"column":76}},"80":{"start":{"line":81,"column":0},"end":{"line":81,"column":25}},"81":{"start":{"line":82,"column":0},"end":{"line":82,"column":8}},"82":{"start":{"line":83,"column":0},"end":{"line":83,"column":5}},"83":{"start":{"line":84,"column":0},"end":{"line":84,"column":3}},"85":{"start":{"line":86,"column":0},"end":{"line":86,"column":10}},"86":{"start":{"line":87,"column":0},"end":{"line":87,"column":35}},"87":{"start":{"line":88,"column":0},"end":{"line":88,"column":28}},"88":{"start":{"line":89,"column":0},"end":{"line":89,"column":11}},"89":{"start":{"line":90,"column":0},"end":{"line":90,"column":22}},"90":{"start":{"line":91,"column":0},"end":{"line":91,"column":3}},"91":{"start":{"line":92,"column":0},"end":{"line":92,"column":1}},"94":{"start":{"line":95,"column":0},"end":{"line":95,"column":43}},"95":{"start":{"line":96,"column":0},"end":{"line":96,"column":81}},"96":{"start":{"line":97,"column":0},"end":{"line":97,"column":92}},"97":{"start":{"line":98,"column":0},"end":{"line":98,"column":122}},"98":{"start":{"line":99,"column":0},"end":{"line":99,"column":56}},"99":{"start":{"line":100,"column":0},"end":{"line":100,"column":1}},"104":{"start":{"line":105,"column":0},"end":{"line":105,"column":56}},"105":{"start":{"line":106,"column":0},"end":{"line":106,"column":29}},"108":{"start":{"line":109,"column":0},"end":{"line":109,"column":65}},"110":{"start":{"line":111,"column":0},"end":{"line":111,"column":61}},"111":{"start":{"line":112,"column":0},"end":{"line":112,"column":27}},"112":{"start":{"line":113,"column":0},"end":{"line":113,"column":49}},"113":{"start":{"line":114,"column":0},"end":{"line":114,"column":36}},"114":{"start":{"line":115,"column":0},"end":{"line":115,"column":31}},"115":{"start":{"line":116,"column":0},"end":{"line":116,"column":46}},"117":{"start":{"line":118,"column":0},"end":{"line":118,"column":54}},"118":{"start":{"line":119,"column":0},"end":{"line":119,"column":38}},"119":{"start":{"line":120,"column":0},"end":{"line":120,"column":5}},"120":{"start":{"line":121,"column":0},"end":{"line":121,"column":3}},"121":{"start":{"line":122,"column":0},"end":{"line":122,"column":20}},"122":{"start":{"line":123,"column":0},"end":{"line":123,"column":1}},"132":{"start":{"line":133,"column":0},"end":{"line":133,"column":50}},"133":{"start":{"line":134,"column":0},"end":{"line":134,"column":38}},"134":{"start":{"line":135,"column":0},"end":{"line":135,"column":65}},"137":{"start":{"line":138,"column":0},"end":{"line":138,"column":62}},"138":{"start":{"line":139,"column":0},"end":{"line":139,"column":52}},"141":{"start":{"line":142,"column":0},"end":{"line":142,"column":61}},"144":{"start":{"line":145,"column":0},"end":{"line":145,"column":82}},"145":{"start":{"line":146,"column":0},"end":{"line":146,"column":48}},"148":{"start":{"line":149,"column":0},"end":{"line":149,"column":70}},"149":{"start":{"line":150,"column":0},"end":{"line":150,"column":43}},"151":{"start":{"line":152,"column":0},"end":{"line":152,"column":51}},"152":{"start":{"line":153,"column":0},"end":{"line":153,"column":1}},"156":{"start":{"line":157,"column":0},"end":{"line":157,"column":50}},"157":{"start":{"line":158,"column":0},"end":{"line":158,"column":37}},"158":{"start":{"line":159,"column":0},"end":{"line":159,"column":42}},"161":{"start":{"line":162,"column":0},"end":{"line":162,"column":17}},"162":{"start":{"line":163,"column":0},"end":{"line":163,"column":15}},"163":{"start":{"line":164,"column":0},"end":{"line":164,"column":17}},"164":{"start":{"line":165,"column":0},"end":{"line":165,"column":27}},"165":{"start":{"line":166,"column":0},"end":{"line":166,"column":34}},"166":{"start":{"line":167,"column":0},"end":{"line":167,"column":3}},"169":{"start":{"line":170,"column":0},"end":{"line":170,"column":21}},"170":{"start":{"line":171,"column":0},"end":{"line":171,"column":34}},"172":{"start":{"line":173,"column":0},"end":{"line":173,"column":54}},"173":{"start":{"line":174,"column":0},"end":{"line":174,"column":40}},"174":{"start":{"line":175,"column":0},"end":{"line":175,"column":3}},"178":{"start":{"line":179,"column":0},"end":{"line":179,"column":15}},"179":{"start":{"line":180,"column":0},"end":{"line":180,"column":1}},"183":{"start":{"line":184,"column":0},"end":{"line":184,"column":80}},"184":{"start":{"line":185,"column":0},"end":{"line":185,"column":54}},"186":{"start":{"line":187,"column":0},"end":{"line":187,"column":20}},"187":{"start":{"line":188,"column":0},"end":{"line":188,"column":22}},"188":{"start":{"line":189,"column":0},"end":{"line":189,"column":19}},"189":{"start":{"line":190,"column":0},"end":{"line":190,"column":20}},"190":{"start":{"line":191,"column":0},"end":{"line":191,"column":20}},"191":{"start":{"line":192,"column":0},"end":{"line":192,"column":27}},"192":{"start":{"line":193,"column":0},"end":{"line":193,"column":25}},"193":{"start":{"line":194,"column":0},"end":{"line":194,"column":22}},"195":{"start":{"line":196,"column":0},"end":{"line":196,"column":20}},"197":{"start":{"line":198,"column":0},"end":{"line":198,"column":29}},"198":{"start":{"line":199,"column":0},"end":{"line":199,"column":23}},"201":{"start":{"line":202,"column":0},"end":{"line":202,"column":105}},"202":{"start":{"line":203,"column":0},"end":{"line":203,"column":74}},"203":{"start":{"line":204,"column":0},"end":{"line":204,"column":38}},"204":{"start":{"line":205,"column":0},"end":{"line":205,"column":14}},"205":{"start":{"line":206,"column":0},"end":{"line":206,"column":5}},"208":{"start":{"line":209,"column":0},"end":{"line":209,"column":102}},"209":{"start":{"line":210,"column":0},"end":{"line":210,"column":147}},"210":{"start":{"line":211,"column":0},"end":{"line":211,"column":116}},"211":{"start":{"line":212,"column":0},"end":{"line":212,"column":91}},"212":{"start":{"line":213,"column":0},"end":{"line":213,"column":125}},"213":{"start":{"line":214,"column":0},"end":{"line":214,"column":105}},"214":{"start":{"line":215,"column":0},"end":{"line":215,"column":201}},"216":{"start":{"line":217,"column":0},"end":{"line":217,"column":19}},"217":{"start":{"line":218,"column":0},"end":{"line":218,"column":22}},"218":{"start":{"line":219,"column":0},"end":{"line":219,"column":26}},"219":{"start":{"line":220,"column":0},"end":{"line":220,"column":28}},"220":{"start":{"line":221,"column":0},"end":{"line":221,"column":24}},"221":{"start":{"line":222,"column":0},"end":{"line":222,"column":28}},"222":{"start":{"line":223,"column":0},"end":{"line":223,"column":25}},"223":{"start":{"line":224,"column":0},"end":{"line":224,"column":21}},"224":{"start":{"line":225,"column":0},"end":{"line":225,"column":25}},"225":{"start":{"line":226,"column":0},"end":{"line":226,"column":26}},"226":{"start":{"line":227,"column":0},"end":{"line":227,"column":22}},"227":{"start":{"line":228,"column":0},"end":{"line":228,"column":26}},"228":{"start":{"line":229,"column":0},"end":{"line":229,"column":26}},"229":{"start":{"line":230,"column":0},"end":{"line":230,"column":103}},"230":{"start":{"line":231,"column":0},"end":{"line":231,"column":56}},"231":{"start":{"line":232,"column":0},"end":{"line":232,"column":29}},"232":{"start":{"line":233,"column":0},"end":{"line":233,"column":67}},"233":{"start":{"line":234,"column":0},"end":{"line":234,"column":38}},"234":{"start":{"line":235,"column":0},"end":{"line":235,"column":41}},"235":{"start":{"line":236,"column":0},"end":{"line":236,"column":15}},"236":{"start":{"line":237,"column":0},"end":{"line":237,"column":26}},"237":{"start":{"line":238,"column":0},"end":{"line":238,"column":26}},"238":{"start":{"line":239,"column":0},"end":{"line":239,"column":22}},"239":{"start":{"line":240,"column":0},"end":{"line":240,"column":26}},"240":{"start":{"line":241,"column":0},"end":{"line":241,"column":28}},"241":{"start":{"line":242,"column":0},"end":{"line":242,"column":24}},"242":{"start":{"line":243,"column":0},"end":{"line":243,"column":28}},"243":{"start":{"line":244,"column":0},"end":{"line":244,"column":12}},"245":{"start":{"line":246,"column":0},"end":{"line":246,"column":58}},"246":{"start":{"line":247,"column":0},"end":{"line":247,"column":67}},"247":{"start":{"line":248,"column":0},"end":{"line":248,"column":61}},"248":{"start":{"line":249,"column":0},"end":{"line":249,"column":63}},"249":{"start":{"line":250,"column":0},"end":{"line":250,"column":70}},"250":{"start":{"line":251,"column":0},"end":{"line":251,"column":63}},"251":{"start":{"line":252,"column":0},"end":{"line":252,"column":67}},"252":{"start":{"line":253,"column":0},"end":{"line":253,"column":12}},"254":{"start":{"line":255,"column":0},"end":{"line":255,"column":40}},"255":{"start":{"line":256,"column":0},"end":{"line":256,"column":34}},"256":{"start":{"line":257,"column":0},"end":{"line":257,"column":9}},"257":{"start":{"line":258,"column":0},"end":{"line":258,"column":7}},"258":{"start":{"line":259,"column":0},"end":{"line":259,"column":5}},"259":{"start":{"line":260,"column":0},"end":{"line":260,"column":3}},"263":{"start":{"line":264,"column":0},"end":{"line":264,"column":33}},"264":{"start":{"line":265,"column":0},"end":{"line":265,"column":58}},"265":{"start":{"line":266,"column":0},"end":{"line":266,"column":67}},"266":{"start":{"line":267,"column":0},"end":{"line":267,"column":57}},"267":{"start":{"line":268,"column":0},"end":{"line":268,"column":51}},"268":{"start":{"line":269,"column":0},"end":{"line":269,"column":47}},"269":{"start":{"line":270,"column":0},"end":{"line":270,"column":3}},"272":{"start":{"line":273,"column":0},"end":{"line":273,"column":39}},"273":{"start":{"line":274,"column":0},"end":{"line":274,"column":45}},"274":{"start":{"line":275,"column":0},"end":{"line":275,"column":49}},"275":{"start":{"line":276,"column":0},"end":{"line":276,"column":101}},"276":{"start":{"line":277,"column":0},"end":{"line":277,"column":53}},"279":{"start":{"line":280,"column":0},"end":{"line":280,"column":63}},"280":{"start":{"line":281,"column":0},"end":{"line":281,"column":49}},"283":{"start":{"line":284,"column":0},"end":{"line":284,"column":22}},"284":{"start":{"line":285,"column":0},"end":{"line":285,"column":105}},"285":{"start":{"line":286,"column":0},"end":{"line":286,"column":42}},"286":{"start":{"line":287,"column":0},"end":{"line":287,"column":3}},"289":{"start":{"line":290,"column":0},"end":{"line":290,"column":32}},"290":{"start":{"line":291,"column":0},"end":{"line":291,"column":45}},"291":{"start":{"line":292,"column":0},"end":{"line":292,"column":43}},"292":{"start":{"line":293,"column":0},"end":{"line":293,"column":58}},"293":{"start":{"line":294,"column":0},"end":{"line":294,"column":3}},"295":{"start":{"line":296,"column":0},"end":{"line":296,"column":83}},"298":{"start":{"line":299,"column":0},"end":{"line":299,"column":33}},"299":{"start":{"line":300,"column":0},"end":{"line":300,"column":69}},"300":{"start":{"line":301,"column":0},"end":{"line":301,"column":42}},"301":{"start":{"line":302,"column":0},"end":{"line":302,"column":11}},"303":{"start":{"line":304,"column":0},"end":{"line":304,"column":23}},"304":{"start":{"line":305,"column":0},"end":{"line":305,"column":42}},"305":{"start":{"line":306,"column":0},"end":{"line":306,"column":3}},"307":{"start":{"line":308,"column":0},"end":{"line":308,"column":10}},"308":{"start":{"line":309,"column":0},"end":{"line":309,"column":37}},"309":{"start":{"line":310,"column":0},"end":{"line":310,"column":42}},"310":{"start":{"line":311,"column":0},"end":{"line":311,"column":46}},"311":{"start":{"line":312,"column":0},"end":{"line":312,"column":11}},"312":{"start":{"line":313,"column":0},"end":{"line":313,"column":13}},"313":{"start":{"line":314,"column":0},"end":{"line":314,"column":23}},"314":{"start":{"line":315,"column":0},"end":{"line":315,"column":27}},"315":{"start":{"line":316,"column":0},"end":{"line":316,"column":24}},"316":{"start":{"line":317,"column":0},"end":{"line":317,"column":24}},"317":{"start":{"line":318,"column":0},"end":{"line":318,"column":27}},"318":{"start":{"line":319,"column":0},"end":{"line":319,"column":11}},"319":{"start":{"line":320,"column":0},"end":{"line":320,"column":13}},"320":{"start":{"line":321,"column":0},"end":{"line":321,"column":21}},"321":{"start":{"line":322,"column":0},"end":{"line":322,"column":20}},"322":{"start":{"line":323,"column":0},"end":{"line":323,"column":23}},"323":{"start":{"line":324,"column":0},"end":{"line":324,"column":28}},"324":{"start":{"line":325,"column":0},"end":{"line":325,"column":3}},"325":{"start":{"line":326,"column":0},"end":{"line":326,"column":1}},"329":{"start":{"line":330,"column":0},"end":{"line":330,"column":89}},"330":{"start":{"line":331,"column":0},"end":{"line":331,"column":16}},"331":{"start":{"line":332,"column":0},"end":{"line":332,"column":20}},"333":{"start":{"line":334,"column":0},"end":{"line":334,"column":36}},"334":{"start":{"line":335,"column":0},"end":{"line":335,"column":35}},"335":{"start":{"line":336,"column":0},"end":{"line":336,"column":54}},"336":{"start":{"line":337,"column":0},"end":{"line":337,"column":17}},"337":{"start":{"line":338,"column":0},"end":{"line":338,"column":23}},"338":{"start":{"line":339,"column":0},"end":{"line":339,"column":5}},"339":{"start":{"line":340,"column":0},"end":{"line":340,"column":3}},"341":{"start":{"line":342,"column":0},"end":{"line":342,"column":29}},"343":{"start":{"line":344,"column":0},"end":{"line":344,"column":45}},"345":{"start":{"line":346,"column":0},"end":{"line":346,"column":23}},"346":{"start":{"line":347,"column":0},"end":{"line":347,"column":34}},"347":{"start":{"line":348,"column":0},"end":{"line":348,"column":47}},"348":{"start":{"line":349,"column":0},"end":{"line":349,"column":34}},"349":{"start":{"line":350,"column":0},"end":{"line":350,"column":15}},"350":{"start":{"line":351,"column":0},"end":{"line":351,"column":5}},"351":{"start":{"line":352,"column":0},"end":{"line":352,"column":3}},"353":{"start":{"line":354,"column":0},"end":{"line":354,"column":13}},"354":{"start":{"line":355,"column":0},"end":{"line":355,"column":27}},"355":{"start":{"line":356,"column":0},"end":{"line":356,"column":28}},"356":{"start":{"line":357,"column":0},"end":{"line":357,"column":11}},"357":{"start":{"line":358,"column":0},"end":{"line":358,"column":1}},"361":{"start":{"line":362,"column":0},"end":{"line":362,"column":72}},"362":{"start":{"line":363,"column":0},"end":{"line":363,"column":12}},"363":{"start":{"line":364,"column":0},"end":{"line":364,"column":74}},"364":{"start":{"line":365,"column":0},"end":{"line":365,"column":82}},"365":{"start":{"line":366,"column":0},"end":{"line":366,"column":11}},"366":{"start":{"line":367,"column":0},"end":{"line":367,"column":1}},"370":{"start":{"line":371,"column":0},"end":{"line":371,"column":43}},"371":{"start":{"line":372,"column":0},"end":{"line":372,"column":57}},"372":{"start":{"line":373,"column":0},"end":{"line":373,"column":1}},"374":{"start":{"line":375,"column":0},"end":{"line":375,"column":45}},"375":{"start":{"line":376,"column":0},"end":{"line":376,"column":76}},"376":{"start":{"line":377,"column":0},"end":{"line":377,"column":47}},"377":{"start":{"line":378,"column":0},"end":{"line":378,"column":50}},"378":{"start":{"line":379,"column":0},"end":{"line":379,"column":45}},"379":{"start":{"line":380,"column":0},"end":{"line":380,"column":43}},"380":{"start":{"line":381,"column":0},"end":{"line":381,"column":46}},"381":{"start":{"line":382,"column":0},"end":{"line":382,"column":41}},"382":{"start":{"line":383,"column":0},"end":{"line":383,"column":25}},"383":{"start":{"line":384,"column":0},"end":{"line":384,"column":11}},"384":{"start":{"line":385,"column":0},"end":{"line":385,"column":1}},"388":{"start":{"line":389,"column":0},"end":{"line":389,"column":70}},"390":{"start":{"line":391,"column":0},"end":{"line":391,"column":55}},"392":{"start":{"line":393,"column":0},"end":{"line":393,"column":56}},"395":{"start":{"line":396,"column":0},"end":{"line":396,"column":107}},"396":{"start":{"line":397,"column":0},"end":{"line":397,"column":21}},"397":{"start":{"line":398,"column":0},"end":{"line":398,"column":12}},"398":{"start":{"line":399,"column":0},"end":{"line":399,"column":55}},"399":{"start":{"line":400,"column":0},"end":{"line":400,"column":57}},"400":{"start":{"line":401,"column":0},"end":{"line":401,"column":5}},"401":{"start":{"line":402,"column":0},"end":{"line":402,"column":3}},"404":{"start":{"line":405,"column":0},"end":{"line":405,"column":97}},"405":{"start":{"line":406,"column":0},"end":{"line":406,"column":21}},"406":{"start":{"line":407,"column":0},"end":{"line":407,"column":12}},"407":{"start":{"line":408,"column":0},"end":{"line":408,"column":55}},"408":{"start":{"line":409,"column":0},"end":{"line":409,"column":46}},"409":{"start":{"line":410,"column":0},"end":{"line":410,"column":5}},"410":{"start":{"line":411,"column":0},"end":{"line":411,"column":3}},"413":{"start":{"line":414,"column":0},"end":{"line":414,"column":78}},"414":{"start":{"line":415,"column":0},"end":{"line":415,"column":18}},"415":{"start":{"line":416,"column":0},"end":{"line":416,"column":13}},"416":{"start":{"line":417,"column":0},"end":{"line":417,"column":38}},"417":{"start":{"line":418,"column":0},"end":{"line":418,"column":50}},"418":{"start":{"line":419,"column":0},"end":{"line":419,"column":5}},"419":{"start":{"line":420,"column":0},"end":{"line":420,"column":3}},"422":{"start":{"line":423,"column":0},"end":{"line":423,"column":46}},"423":{"start":{"line":424,"column":0},"end":{"line":424,"column":46}},"424":{"start":{"line":425,"column":0},"end":{"line":425,"column":29}},"425":{"start":{"line":426,"column":0},"end":{"line":426,"column":14}},"426":{"start":{"line":427,"column":0},"end":{"line":427,"column":57}},"427":{"start":{"line":428,"column":0},"end":{"line":428,"column":40}},"428":{"start":{"line":429,"column":0},"end":{"line":429,"column":7}},"429":{"start":{"line":430,"column":0},"end":{"line":430,"column":5}},"430":{"start":{"line":431,"column":0},"end":{"line":431,"column":3}},"432":{"start":{"line":433,"column":0},"end":{"line":433,"column":65}},"433":{"start":{"line":434,"column":0},"end":{"line":434,"column":1}},"437":{"start":{"line":438,"column":0},"end":{"line":438,"column":89}},"439":{"start":{"line":440,"column":0},"end":{"line":440,"column":63}},"442":{"start":{"line":443,"column":0},"end":{"line":443,"column":112}},"443":{"start":{"line":444,"column":0},"end":{"line":444,"column":39}},"446":{"start":{"line":447,"column":0},"end":{"line":447,"column":73}},"449":{"start":{"line":450,"column":0},"end":{"line":450,"column":59}},"450":{"start":{"line":451,"column":0},"end":{"line":451,"column":19}},"451":{"start":{"line":452,"column":0},"end":{"line":452,"column":12}},"452":{"start":{"line":453,"column":0},"end":{"line":453,"column":43}},"453":{"start":{"line":454,"column":0},"end":{"line":454,"column":43}},"454":{"start":{"line":455,"column":0},"end":{"line":455,"column":15}},"455":{"start":{"line":456,"column":0},"end":{"line":456,"column":5}},"456":{"start":{"line":457,"column":0},"end":{"line":457,"column":3}},"458":{"start":{"line":459,"column":0},"end":{"line":459,"column":50}},"459":{"start":{"line":460,"column":0},"end":{"line":460,"column":1}},"463":{"start":{"line":464,"column":0},"end":{"line":464,"column":75}},"464":{"start":{"line":465,"column":0},"end":{"line":465,"column":39}},"467":{"start":{"line":468,"column":0},"end":{"line":468,"column":121}},"470":{"start":{"line":471,"column":0},"end":{"line":471,"column":34}},"471":{"start":{"line":472,"column":0},"end":{"line":472,"column":33}},"472":{"start":{"line":473,"column":0},"end":{"line":473,"column":11}},"474":{"start":{"line":475,"column":0},"end":{"line":475,"column":29}},"475":{"start":{"line":476,"column":0},"end":{"line":476,"column":1}},"477":{"start":{"line":478,"column":0},"end":{"line":478,"column":50}},"478":{"start":{"line":479,"column":0},"end":{"line":479,"column":45}},"479":{"start":{"line":480,"column":0},"end":{"line":480,"column":27}},"481":{"start":{"line":482,"column":0},"end":{"line":482,"column":44}},"482":{"start":{"line":483,"column":0},"end":{"line":483,"column":73}},"483":{"start":{"line":484,"column":0},"end":{"line":484,"column":72}},"484":{"start":{"line":485,"column":0},"end":{"line":485,"column":15}},"485":{"start":{"line":486,"column":0},"end":{"line":486,"column":1}},"489":{"start":{"line":490,"column":0},"end":{"line":490,"column":79}},"490":{"start":{"line":491,"column":0},"end":{"line":491,"column":82}},"491":{"start":{"line":492,"column":0},"end":{"line":492,"column":33}},"493":{"start":{"line":494,"column":0},"end":{"line":494,"column":30}},"494":{"start":{"line":495,"column":0},"end":{"line":495,"column":83}},"495":{"start":{"line":496,"column":0},"end":{"line":496,"column":3}},"496":{"start":{"line":497,"column":0},"end":{"line":497,"column":30}},"497":{"start":{"line":498,"column":0},"end":{"line":498,"column":89}},"498":{"start":{"line":499,"column":0},"end":{"line":499,"column":3}},"500":{"start":{"line":501,"column":0},"end":{"line":501,"column":50}},"501":{"start":{"line":502,"column":0},"end":{"line":502,"column":1}},"505":{"start":{"line":506,"column":0},"end":{"line":506,"column":49}},"507":{"start":{"line":508,"column":0},"end":{"line":508,"column":49}},"508":{"start":{"line":509,"column":0},"end":{"line":509,"column":44}},"509":{"start":{"line":510,"column":0},"end":{"line":510,"column":36}},"510":{"start":{"line":511,"column":0},"end":{"line":511,"column":53}},"511":{"start":{"line":512,"column":0},"end":{"line":512,"column":3}},"514":{"start":{"line":515,"column":0},"end":{"line":515,"column":92}},"515":{"start":{"line":516,"column":0},"end":{"line":516,"column":48}},"516":{"start":{"line":517,"column":0},"end":{"line":517,"column":40}},"517":{"start":{"line":518,"column":0},"end":{"line":518,"column":55}},"518":{"start":{"line":519,"column":0},"end":{"line":519,"column":3}},"520":{"start":{"line":521,"column":0},"end":{"line":521,"column":11}},"521":{"start":{"line":522,"column":0},"end":{"line":522,"column":1}}},"s":{"14":1,"15":1,"16":1,"17":1,"18":1,"19":1,"20":1,"21":1,"22":1,"23":1,"31":1,"32":6,"33":6,"35":6,"36":6,"37":0,"38":0,"39":0,"40":0,"41":0,"42":0,"43":0,"46":6,"49":6,"51":6,"52":0,"53":0,"54":0,"55":0,"56":0,"57":0,"58":0,"61":6,"62":12,"63":12,"65":12,"66":12,"70":12,"71":0,"72":0,"73":0,"75":12,"76":12,"77":0,"78":0,"79":0,"80":0,"81":0,"82":0,"83":12,"85":6,"86":6,"87":6,"88":6,"89":6,"90":6,"91":6,"94":1,"95":1,"96":1,"97":1,"98":1,"99":1,"104":6,"105":6,"108":6,"110":6,"111":6,"112":6,"113":6,"114":6,"115":6,"117":6,"118":6,"119":6,"120":6,"121":0,"122":0,"132":6,"133":6,"134":6,"137":6,"138":6,"141":6,"144":6,"145":6,"148":6,"149":6,"151":6,"152":6,"156":6,"157":6,"158":6,"161":6,"162":6,"163":6,"164":6,"165":6,"166":6,"169":0,"170":0,"172":0,"173":0,"174":0,"178":0,"179":0,"183":12,"184":12,"186":12,"187":12,"188":12,"189":12,"190":12,"191":12,"192":12,"193":12,"195":12,"197":12,"198":72,"201":66,"202":72,"203":0,"204":0,"205":0,"208":72,"209":72,"210":72,"211":72,"212":72,"213":72,"214":72,"216":72,"217":12,"218":12,"219":72,"220":12,"221":12,"222":54,"223":12,"224":12,"225":42,"226":12,"227":12,"228":30,"229":0,"230":0,"231":0,"232":0,"233":0,"234":0,"235":0,"236":0,"237":18,"238":12,"239":12,"240":18,"241":0,"242":0,"243":6,"245":6,"246":6,"247":6,"248":6,"249":6,"250":6,"251":6,"252":6,"254":6,"255":0,"256":0,"257":6,"258":6,"259":72,"263":12,"264":0,"265":0,"266":0,"267":0,"268":0,"269":0,"272":12,"273":12,"274":12,"275":12,"276":12,"279":12,"280":12,"283":12,"284":6,"285":6,"286":6,"289":12,"290":12,"291":0,"292":0,"293":0,"295":12,"298":12,"299":12,"300":12,"301":12,"303":12,"304":12,"305":12,"307":12,"308":12,"309":12,"310":12,"311":12,"312":12,"313":12,"314":12,"315":12,"316":12,"317":12,"318":12,"319":12,"320":12,"321":12,"322":12,"323":12,"324":12,"325":12,"329":0,"330":0,"331":0,"333":0,"334":0,"335":0,"336":0,"337":0,"338":0,"339":0,"341":0,"343":0,"345":0,"346":0,"347":0,"348":0,"349":0,"350":0,"351":0,"353":0,"354":0,"355":0,"356":0,"357":0,"361":60,"362":60,"363":60,"364":60,"365":60,"366":60,"370":12,"371":12,"372":12,"374":12,"375":12,"376":12,"377":12,"378":12,"379":12,"380":12,"381":12,"382":12,"383":12,"384":12,"388":12,"390":12,"392":12,"395":12,"396":12,"397":6,"398":6,"399":6,"400":6,"401":6,"404":6,"405":12,"406":0,"407":0,"408":0,"409":0,"410":0,"413":6,"414":6,"415":6,"416":6,"417":6,"418":6,"419":6,"422":0,"423":0,"424":0,"425":0,"426":0,"427":0,"428":0,"429":0,"430":0,"432":0,"433":0,"437":12,"439":12,"442":12,"443":12,"446":12,"449":12,"450":12,"451":12,"452":12,"453":12,"454":12,"455":12,"456":12,"458":0,"459":0,"463":12,"464":12,"467":12,"470":12,"471":12,"472":12,"474":12,"475":12,"477":12,"478":12,"479":12,"481":12,"482":12,"483":12,"484":6,"485":6,"489":12,"490":12,"491":12,"493":12,"494":6,"495":6,"496":12,"497":0,"498":0,"500":6,"501":6,"505":12,"507":12,"508":12,"509":12,"510":0,"511":0,"514":12,"515":12,"516":12,"517":0,"518":0,"520":12,"521":12},"branchMap":{"0":{"type":"branch","line":32,"loc":{"start":{"line":32,"column":7},"end":{"line":92,"column":1}},"locations":[{"start":{"line":32,"column":7},"end":{"line":92,"column":1}}]},"1":{"type":"branch","line":37,"loc":{"start":{"line":37,"column":13},"end":{"line":44,"column":3}},"locations":[{"start":{"line":37,"column":13},"end":{"line":44,"column":3}}]},"2":{"type":"branch","line":52,"loc":{"start":{"line":52,"column":27},"end":{"line":59,"column":3}},"locations":[{"start":{"line":52,"column":27},"end":{"line":59,"column":3}}]},"3":{"type":"branch","line":62,"loc":{"start":{"line":62,"column":42},"end":{"line":84,"column":3}},"locations":[{"start":{"line":62,"column":42},"end":{"line":84,"column":3}}]},"4":{"type":"branch","line":64,"loc":{"start":{"line":64,"column":16},"end":{"line":64,"column":24}},"locations":[{"start":{"line":64,"column":16},"end":{"line":64,"column":24}}]},"5":{"type":"branch","line":71,"loc":{"start":{"line":71,"column":18},"end":{"line":71,"column":48}},"locations":[{"start":{"line":71,"column":18},"end":{"line":71,"column":48}}]},"6":{"type":"branch","line":71,"loc":{"start":{"line":71,"column":36},"end":{"line":71,"column":64}},"locations":[{"start":{"line":71,"column":36},"end":{"line":71,"column":64}}]},"7":{"type":"branch","line":71,"loc":{"start":{"line":71,"column":64},"end":{"line":74,"column":7}},"locations":[{"start":{"line":71,"column":64},"end":{"line":74,"column":7}}]},"8":{"type":"branch","line":77,"loc":{"start":{"line":77,"column":4},"end":{"line":83,"column":5}},"locations":[{"start":{"line":77,"column":4},"end":{"line":83,"column":5}}]},"9":{"type":"branch","line":105,"loc":{"start":{"line":105,"column":0},"end":{"line":123,"column":1}},"locations":[{"start":{"line":105,"column":0},"end":{"line":123,"column":1}}]},"10":{"type":"branch","line":106,"loc":{"start":{"line":106,"column":20},"end":{"line":106,"column":29}},"locations":[{"start":{"line":106,"column":20},"end":{"line":106,"column":29}}]},"11":{"type":"branch","line":109,"loc":{"start":{"line":109,"column":47},"end":{"line":109,"column":65}},"locations":[{"start":{"line":109,"column":47},"end":{"line":109,"column":65}}]},"12":{"type":"branch","line":113,"loc":{"start":{"line":113,"column":24},"end":{"line":113,"column":33}},"locations":[{"start":{"line":113,"column":24},"end":{"line":113,"column":33}}]},"13":{"type":"branch","line":114,"loc":{"start":{"line":114,"column":29},"end":{"line":114,"column":36}},"locations":[{"start":{"line":114,"column":29},"end":{"line":114,"column":36}}]},"14":{"type":"branch","line":115,"loc":{"start":{"line":115,"column":24},"end":{"line":115,"column":31}},"locations":[{"start":{"line":115,"column":24},"end":{"line":115,"column":31}}]},"15":{"type":"branch","line":116,"loc":{"start":{"line":116,"column":37},"end":{"line":116,"column":46}},"locations":[{"start":{"line":116,"column":37},"end":{"line":116,"column":46}}]},"16":{"type":"branch","line":121,"loc":{"start":{"line":121,"column":2},"end":{"line":123,"column":1}},"locations":[{"start":{"line":121,"column":2},"end":{"line":123,"column":1}}]},"17":{"type":"branch","line":133,"loc":{"start":{"line":133,"column":0},"end":{"line":153,"column":1}},"locations":[{"start":{"line":133,"column":0},"end":{"line":153,"column":1}}]},"18":{"type":"branch","line":135,"loc":{"start":{"line":135,"column":59},"end":{"line":135,"column":65}},"locations":[{"start":{"line":135,"column":59},"end":{"line":135,"column":65}}]},"19":{"type":"branch","line":139,"loc":{"start":{"line":139,"column":45},"end":{"line":139,"column":52}},"locations":[{"start":{"line":139,"column":45},"end":{"line":139,"column":52}}]},"20":{"type":"branch","line":146,"loc":{"start":{"line":146,"column":41},"end":{"line":146,"column":48}},"locations":[{"start":{"line":146,"column":41},"end":{"line":146,"column":48}}]},"21":{"type":"branch","line":150,"loc":{"start":{"line":150,"column":36},"end":{"line":150,"column":43}},"locations":[{"start":{"line":150,"column":36},"end":{"line":150,"column":43}}]},"22":{"type":"branch","line":157,"loc":{"start":{"line":157,"column":0},"end":{"line":180,"column":1}},"locations":[{"start":{"line":157,"column":0},"end":{"line":180,"column":1}}]},"23":{"type":"branch","line":167,"loc":{"start":{"line":167,"column":2},"end":{"line":180,"column":1}},"locations":[{"start":{"line":167,"column":2},"end":{"line":180,"column":1}}]},"24":{"type":"branch","line":165,"loc":{"start":{"line":165,"column":11},"end":{"line":165,"column":26}},"locations":[{"start":{"line":165,"column":11},"end":{"line":165,"column":26}}]},"25":{"type":"branch","line":166,"loc":{"start":{"line":166,"column":14},"end":{"line":166,"column":33}},"locations":[{"start":{"line":166,"column":14},"end":{"line":166,"column":33}}]},"26":{"type":"branch","line":184,"loc":{"start":{"line":184,"column":0},"end":{"line":326,"column":1}},"locations":[{"start":{"line":184,"column":0},"end":{"line":326,"column":1}}]},"27":{"type":"branch","line":198,"loc":{"start":{"line":198,"column":28},"end":{"line":260,"column":3}},"locations":[{"start":{"line":198,"column":28},"end":{"line":260,"column":3}}]},"28":{"type":"branch","line":199,"loc":{"start":{"line":199,"column":15},"end":{"line":199,"column":23}},"locations":[{"start":{"line":199,"column":15},"end":{"line":199,"column":23}}]},"29":{"type":"branch","line":199,"loc":{"start":{"line":199,"column":15},"end":{"line":203,"column":24}},"locations":[{"start":{"line":199,"column":15},"end":{"line":203,"column":24}}]},"30":{"type":"branch","line":203,"loc":{"start":{"line":203,"column":8},"end":{"line":203,"column":73}},"locations":[{"start":{"line":203,"column":8},"end":{"line":203,"column":73}}]},"31":{"type":"branch","line":203,"loc":{"start":{"line":203,"column":73},"end":{"line":206,"column":5}},"locations":[{"start":{"line":203,"column":73},"end":{"line":206,"column":5}}]},"32":{"type":"branch","line":206,"loc":{"start":{"line":206,"column":4},"end":{"line":209,"column":44}},"locations":[{"start":{"line":206,"column":4},"end":{"line":209,"column":44}}]},"33":{"type":"branch","line":209,"loc":{"start":{"line":209,"column":39},"end":{"line":209,"column":102}},"locations":[{"start":{"line":209,"column":39},"end":{"line":209,"column":102}}]},"34":{"type":"branch","line":210,"loc":{"start":{"line":210,"column":42},"end":{"line":210,"column":70}},"locations":[{"start":{"line":210,"column":42},"end":{"line":210,"column":70}}]},"35":{"type":"branch","line":210,"loc":{"start":{"line":210,"column":65},"end":{"line":210,"column":147}},"locations":[{"start":{"line":210,"column":65},"end":{"line":210,"column":147}}]},"36":{"type":"branch","line":211,"loc":{"start":{"line":211,"column":39},"end":{"line":211,"column":67}},"locations":[{"start":{"line":211,"column":39},"end":{"line":211,"column":67}}]},"37":{"type":"branch","line":211,"loc":{"start":{"line":211,"column":62},"end":{"line":211,"column":116}},"locations":[{"start":{"line":211,"column":62},"end":{"line":211,"column":116}}]},"38":{"type":"branch","line":212,"loc":{"start":{"line":212,"column":39},"end":{"line":212,"column":91}},"locations":[{"start":{"line":212,"column":39},"end":{"line":212,"column":91}}]},"39":{"type":"branch","line":213,"loc":{"start":{"line":213,"column":39},"end":{"line":213,"column":68}},"locations":[{"start":{"line":213,"column":39},"end":{"line":213,"column":68}}]},"40":{"type":"branch","line":213,"loc":{"start":{"line":213,"column":63},"end":{"line":213,"column":125}},"locations":[{"start":{"line":213,"column":63},"end":{"line":213,"column":125}}]},"41":{"type":"branch","line":214,"loc":{"start":{"line":214,"column":39},"end":{"line":214,"column":105}},"locations":[{"start":{"line":214,"column":39},"end":{"line":214,"column":105}}]},"42":{"type":"branch","line":215,"loc":{"start":{"line":215,"column":41},"end":{"line":215,"column":69}},"locations":[{"start":{"line":215,"column":41},"end":{"line":215,"column":69}}]},"43":{"type":"branch","line":215,"loc":{"start":{"line":215,"column":64},"end":{"line":215,"column":92}},"locations":[{"start":{"line":215,"column":64},"end":{"line":215,"column":92}}]},"44":{"type":"branch","line":215,"loc":{"start":{"line":215,"column":87},"end":{"line":215,"column":115}},"locations":[{"start":{"line":215,"column":87},"end":{"line":215,"column":115}}]},"45":{"type":"branch","line":215,"loc":{"start":{"line":215,"column":110},"end":{"line":215,"column":138}},"locations":[{"start":{"line":215,"column":110},"end":{"line":215,"column":138}}]},"46":{"type":"branch","line":215,"loc":{"start":{"line":215,"column":133},"end":{"line":215,"column":201}},"locations":[{"start":{"line":215,"column":133},"end":{"line":215,"column":201}}]},"47":{"type":"branch","line":217,"loc":{"start":{"line":217,"column":18},"end":{"line":220,"column":15}},"locations":[{"start":{"line":217,"column":18},"end":{"line":220,"column":15}}]},"48":{"type":"branch","line":220,"loc":{"start":{"line":220,"column":4},"end":{"line":259,"column":5}},"locations":[{"start":{"line":220,"column":4},"end":{"line":259,"column":5}}]},"49":{"type":"branch","line":220,"loc":{"start":{"line":220,"column":27},"end":{"line":223,"column":15}},"locations":[{"start":{"line":220,"column":27},"end":{"line":223,"column":15}}]},"50":{"type":"branch","line":223,"loc":{"start":{"line":223,"column":4},"end":{"line":259,"column":5}},"locations":[{"start":{"line":223,"column":4},"end":{"line":259,"column":5}}]},"51":{"type":"branch","line":223,"loc":{"start":{"line":223,"column":24},"end":{"line":226,"column":15}},"locations":[{"start":{"line":223,"column":24},"end":{"line":226,"column":15}}]},"52":{"type":"branch","line":226,"loc":{"start":{"line":226,"column":4},"end":{"line":259,"column":5}},"locations":[{"start":{"line":226,"column":4},"end":{"line":259,"column":5}}]},"53":{"type":"branch","line":226,"loc":{"start":{"line":226,"column":25},"end":{"line":229,"column":15}},"locations":[{"start":{"line":226,"column":25},"end":{"line":229,"column":15}}]},"54":{"type":"branch","line":229,"loc":{"start":{"line":229,"column":4},"end":{"line":259,"column":5}},"locations":[{"start":{"line":229,"column":4},"end":{"line":259,"column":5}}]},"55":{"type":"branch","line":229,"loc":{"start":{"line":229,"column":25},"end":{"line":238,"column":15}},"locations":[{"start":{"line":229,"column":25},"end":{"line":238,"column":15}}]},"56":{"type":"branch","line":238,"loc":{"start":{"line":238,"column":25},"end":{"line":241,"column":15}},"locations":[{"start":{"line":238,"column":25},"end":{"line":241,"column":15}}]},"57":{"type":"branch","line":241,"loc":{"start":{"line":241,"column":4},"end":{"line":259,"column":5}},"locations":[{"start":{"line":241,"column":4},"end":{"line":259,"column":5}}]},"58":{"type":"branch","line":241,"loc":{"start":{"line":241,"column":27},"end":{"line":244,"column":11}},"locations":[{"start":{"line":241,"column":27},"end":{"line":244,"column":11}}]},"59":{"type":"branch","line":246,"loc":{"start":{"line":246,"column":34},"end":{"line":246,"column":58}},"locations":[{"start":{"line":246,"column":34},"end":{"line":246,"column":58}}]},"60":{"type":"branch","line":247,"loc":{"start":{"line":247,"column":41},"end":{"line":247,"column":67}},"locations":[{"start":{"line":247,"column":41},"end":{"line":247,"column":67}}]},"61":{"type":"branch","line":248,"loc":{"start":{"line":248,"column":38},"end":{"line":248,"column":61}},"locations":[{"start":{"line":248,"column":38},"end":{"line":248,"column":61}}]},"62":{"type":"branch","line":249,"loc":{"start":{"line":249,"column":39},"end":{"line":249,"column":63}},"locations":[{"start":{"line":249,"column":39},"end":{"line":249,"column":63}}]},"63":{"type":"branch","line":250,"loc":{"start":{"line":250,"column":39},"end":{"line":250,"column":70}},"locations":[{"start":{"line":250,"column":39},"end":{"line":250,"column":70}}]},"64":{"type":"branch","line":251,"loc":{"start":{"line":251,"column":39},"end":{"line":251,"column":63}},"locations":[{"start":{"line":251,"column":39},"end":{"line":251,"column":63}}]},"65":{"type":"branch","line":252,"loc":{"start":{"line":252,"column":41},"end":{"line":252,"column":67}},"locations":[{"start":{"line":252,"column":41},"end":{"line":252,"column":67}}]},"66":{"type":"branch","line":255,"loc":{"start":{"line":255,"column":39},"end":{"line":257,"column":9}},"locations":[{"start":{"line":255,"column":39},"end":{"line":257,"column":9}}]},"67":{"type":"branch","line":264,"loc":{"start":{"line":264,"column":7},"end":{"line":264,"column":32}},"locations":[{"start":{"line":264,"column":7},"end":{"line":264,"column":32}}]},"68":{"type":"branch","line":264,"loc":{"start":{"line":264,"column":32},"end":{"line":270,"column":3}},"locations":[{"start":{"line":264,"column":32},"end":{"line":270,"column":3}}]},"69":{"type":"branch","line":284,"loc":{"start":{"line":284,"column":21},"end":{"line":287,"column":3}},"locations":[{"start":{"line":284,"column":21},"end":{"line":287,"column":3}}]},"70":{"type":"branch","line":286,"loc":{"start":{"line":286,"column":19},"end":{"line":286,"column":40}},"locations":[{"start":{"line":286,"column":19},"end":{"line":286,"column":40}}]},"71":{"type":"branch","line":291,"loc":{"start":{"line":291,"column":7},"end":{"line":291,"column":44}},"locations":[{"start":{"line":291,"column":7},"end":{"line":291,"column":44}}]},"72":{"type":"branch","line":291,"loc":{"start":{"line":291,"column":44},"end":{"line":294,"column":3}},"locations":[{"start":{"line":291,"column":44},"end":{"line":294,"column":3}}]},"73":{"type":"branch","line":296,"loc":{"start":{"line":296,"column":43},"end":{"line":296,"column":74}},"locations":[{"start":{"line":296,"column":43},"end":{"line":296,"column":74}}]},"74":{"type":"branch","line":309,"loc":{"start":{"line":309,"column":17},"end":{"line":309,"column":37}},"locations":[{"start":{"line":309,"column":17},"end":{"line":309,"column":37}}]},"75":{"type":"branch","line":185,"loc":{"start":{"line":185,"column":38},"end":{"line":185,"column":53}},"locations":[{"start":{"line":185,"column":38},"end":{"line":185,"column":53}}]},"76":{"type":"branch","line":362,"loc":{"start":{"line":362,"column":0},"end":{"line":367,"column":1}},"locations":[{"start":{"line":362,"column":0},"end":{"line":367,"column":1}}]},"77":{"type":"branch","line":371,"loc":{"start":{"line":371,"column":0},"end":{"line":373,"column":1}},"locations":[{"start":{"line":371,"column":0},"end":{"line":373,"column":1}}]},"78":{"type":"branch","line":375,"loc":{"start":{"line":375,"column":0},"end":{"line":385,"column":1}},"locations":[{"start":{"line":375,"column":0},"end":{"line":385,"column":1}}]},"79":{"type":"branch","line":389,"loc":{"start":{"line":389,"column":0},"end":{"line":434,"column":1}},"locations":[{"start":{"line":389,"column":0},"end":{"line":434,"column":1}}]},"80":{"type":"branch","line":393,"loc":{"start":{"line":393,"column":16},"end":{"line":393,"column":56}},"locations":[{"start":{"line":393,"column":16},"end":{"line":393,"column":56}}]},"81":{"type":"branch","line":397,"loc":{"start":{"line":397,"column":20},"end":{"line":406,"column":20}},"locations":[{"start":{"line":397,"column":20},"end":{"line":406,"column":20}}]},"82":{"type":"branch","line":399,"loc":{"start":{"line":399,"column":28},"end":{"line":399,"column":37}},"locations":[{"start":{"line":399,"column":28},"end":{"line":399,"column":37}}]},"83":{"type":"branch","line":400,"loc":{"start":{"line":400,"column":30},"end":{"line":400,"column":39}},"locations":[{"start":{"line":400,"column":30},"end":{"line":400,"column":39}}]},"84":{"type":"branch","line":406,"loc":{"start":{"line":406,"column":20},"end":{"line":411,"column":3}},"locations":[{"start":{"line":406,"column":20},"end":{"line":411,"column":3}}]},"85":{"type":"branch","line":411,"loc":{"start":{"line":411,"column":2},"end":{"line":420,"column":3}},"locations":[{"start":{"line":411,"column":2},"end":{"line":420,"column":3}}]},"86":{"type":"branch","line":417,"loc":{"start":{"line":417,"column":24},"end":{"line":417,"column":38}},"locations":[{"start":{"line":417,"column":24},"end":{"line":417,"column":38}}]},"87":{"type":"branch","line":418,"loc":{"start":{"line":418,"column":27},"end":{"line":418,"column":43}},"locations":[{"start":{"line":418,"column":27},"end":{"line":418,"column":43}}]},"88":{"type":"branch","line":420,"loc":{"start":{"line":420,"column":2},"end":{"line":434,"column":1}},"locations":[{"start":{"line":420,"column":2},"end":{"line":434,"column":1}}]},"89":{"type":"branch","line":438,"loc":{"start":{"line":438,"column":0},"end":{"line":460,"column":1}},"locations":[{"start":{"line":438,"column":0},"end":{"line":460,"column":1}}]},"90":{"type":"branch","line":444,"loc":{"start":{"line":444,"column":19},"end":{"line":444,"column":37}},"locations":[{"start":{"line":444,"column":19},"end":{"line":444,"column":37}}]},"91":{"type":"branch","line":444,"loc":{"start":{"line":444,"column":32},"end":{"line":444,"column":39}},"locations":[{"start":{"line":444,"column":32},"end":{"line":444,"column":39}}]},"92":{"type":"branch","line":453,"loc":{"start":{"line":453,"column":27},"end":{"line":453,"column":36}},"locations":[{"start":{"line":453,"column":27},"end":{"line":453,"column":36}}]},"93":{"type":"branch","line":454,"loc":{"start":{"line":454,"column":27},"end":{"line":454,"column":36}},"locations":[{"start":{"line":454,"column":27},"end":{"line":454,"column":36}}]},"94":{"type":"branch","line":457,"loc":{"start":{"line":457,"column":2},"end":{"line":460,"column":1}},"locations":[{"start":{"line":457,"column":2},"end":{"line":460,"column":1}}]},"95":{"type":"branch","line":464,"loc":{"start":{"line":464,"column":0},"end":{"line":476,"column":1}},"locations":[{"start":{"line":464,"column":0},"end":{"line":476,"column":1}}]},"96":{"type":"branch","line":478,"loc":{"start":{"line":478,"column":0},"end":{"line":486,"column":1}},"locations":[{"start":{"line":478,"column":0},"end":{"line":486,"column":1}}]},"97":{"type":"branch","line":480,"loc":{"start":{"line":480,"column":14},"end":{"line":480,"column":27}},"locations":[{"start":{"line":480,"column":14},"end":{"line":480,"column":27}}]},"98":{"type":"branch","line":482,"loc":{"start":{"line":482,"column":22},"end":{"line":482,"column":31}},"locations":[{"start":{"line":482,"column":22},"end":{"line":482,"column":31}}]},"99":{"type":"branch","line":483,"loc":{"start":{"line":483,"column":27},"end":{"line":483,"column":58}},"locations":[{"start":{"line":483,"column":27},"end":{"line":483,"column":58}}]},"100":{"type":"branch","line":483,"loc":{"start":{"line":483,"column":58},"end":{"line":484,"column":32}},"locations":[{"start":{"line":483,"column":58},"end":{"line":484,"column":32}}]},"101":{"type":"branch","line":484,"loc":{"start":{"line":484,"column":27},"end":{"line":484,"column":57}},"locations":[{"start":{"line":484,"column":27},"end":{"line":484,"column":57}}]},"102":{"type":"branch","line":484,"loc":{"start":{"line":484,"column":57},"end":{"line":484,"column":72}},"locations":[{"start":{"line":484,"column":57},"end":{"line":484,"column":72}}]},"103":{"type":"branch","line":484,"loc":{"start":{"line":484,"column":64},"end":{"line":486,"column":1}},"locations":[{"start":{"line":484,"column":64},"end":{"line":486,"column":1}}]},"104":{"type":"branch","line":490,"loc":{"start":{"line":490,"column":0},"end":{"line":502,"column":1}},"locations":[{"start":{"line":490,"column":0},"end":{"line":502,"column":1}}]},"105":{"type":"branch","line":494,"loc":{"start":{"line":494,"column":29},"end":{"line":497,"column":29}},"locations":[{"start":{"line":494,"column":29},"end":{"line":497,"column":29}}]},"106":{"type":"branch","line":497,"loc":{"start":{"line":497,"column":29},"end":{"line":499,"column":3}},"locations":[{"start":{"line":497,"column":29},"end":{"line":499,"column":3}}]},"107":{"type":"branch","line":499,"loc":{"start":{"line":499,"column":2},"end":{"line":502,"column":1}},"locations":[{"start":{"line":499,"column":2},"end":{"line":502,"column":1}}]},"108":{"type":"branch","line":491,"loc":{"start":{"line":491,"column":39},"end":{"line":491,"column":80}},"locations":[{"start":{"line":491,"column":39},"end":{"line":491,"column":80}}]},"109":{"type":"branch","line":506,"loc":{"start":{"line":506,"column":0},"end":{"line":522,"column":1}},"locations":[{"start":{"line":506,"column":0},"end":{"line":522,"column":1}}]},"110":{"type":"branch","line":510,"loc":{"start":{"line":510,"column":6},"end":{"line":510,"column":35}},"locations":[{"start":{"line":510,"column":6},"end":{"line":510,"column":35}}]},"111":{"type":"branch","line":510,"loc":{"start":{"line":510,"column":35},"end":{"line":512,"column":3}},"locations":[{"start":{"line":510,"column":35},"end":{"line":512,"column":3}}]},"112":{"type":"branch","line":517,"loc":{"start":{"line":517,"column":6},"end":{"line":517,"column":39}},"locations":[{"start":{"line":517,"column":6},"end":{"line":517,"column":39}}]},"113":{"type":"branch","line":517,"loc":{"start":{"line":517,"column":39},"end":{"line":519,"column":3}},"locations":[{"start":{"line":517,"column":39},"end":{"line":519,"column":3}}]}},"b":{"0":[6],"1":[0],"2":[0],"3":[12],"4":[0],"5":[0],"6":[0],"7":[0],"8":[0],"9":[6],"10":[0],"11":[0],"12":[0],"13":[0],"14":[0],"15":[0],"16":[0],"17":[6],"18":[0],"19":[0],"20":[0],"21":[0],"22":[6],"23":[0],"24":[12],"25":[12],"26":[12],"27":[72],"28":[6],"29":[66],"30":[0],"31":[0],"32":[66],"33":[54],"34":[54],"35":[54],"36":[54],"37":[54],"38":[54],"39":[66],"40":[66],"41":[54],"42":[66],"43":[66],"44":[66],"45":[66],"46":[66],"47":[12],"48":[54],"49":[12],"50":[42],"51":[12],"52":[30],"53":[12],"54":[18],"55":[0],"56":[12],"57":[6],"58":[0],"59":[0],"60":[0],"61":[0],"62":[0],"63":[0],"64":[0],"65":[0],"66":[0],"67":[0],"68":[0],"69":[6],"70":[0],"71":[0],"72":[0],"73":[0],"74":[0],"75":[72],"76":[60],"77":[12],"78":[12],"79":[12],"80":[0],"81":[6],"82":[0],"83":[0],"84":[0],"85":[6],"86":[0],"87":[0],"88":[0],"89":[12],"90":[6],"91":[6],"92":[0],"93":[0],"94":[0],"95":[12],"96":[12],"97":[0],"98":[0],"99":[6],"100":[6],"101":[0],"102":[0],"103":[6],"104":[12],"105":[6],"106":[0],"107":[6],"108":[174],"109":[12],"110":[0],"111":[0],"112":[0],"113":[0]},"fnMap":{"0":{"name":"parseMessage","decl":{"start":{"line":32,"column":7},"end":{"line":92,"column":1}},"loc":{"start":{"line":32,"column":7},"end":{"line":92,"column":1}},"line":32},"1":{"name":"convertToISODate","decl":{"start":{"line":105,"column":0},"end":{"line":123,"column":1}},"loc":{"start":{"line":105,"column":0},"end":{"line":123,"column":1}},"line":105},"2":{"name":"extractHeader","decl":{"start":{"line":133,"column":0},"end":{"line":153,"column":1}},"loc":{"start":{"line":133,"column":0},"end":{"line":153,"column":1}},"line":133},"3":{"name":"splitIntoBlocks","decl":{"start":{"line":157,"column":0},"end":{"line":180,"column":1}},"loc":{"start":{"line":157,"column":0},"end":{"line":180,"column":1}},"line":157},"4":{"name":"parseBlock","decl":{"start":{"line":184,"column":0},"end":{"line":326,"column":1}},"loc":{"start":{"line":184,"column":0},"end":{"line":326,"column":1}},"line":184},"5":{"name":"extractField","decl":{"start":{"line":330,"column":0},"end":{"line":358,"column":1}},"loc":{"start":{"line":330,"column":0},"end":{"line":358,"column":1}},"line":330},"6":{"name":"stripPrefixTags","decl":{"start":{"line":362,"column":0},"end":{"line":367,"column":1}},"loc":{"start":{"line":362,"column":0},"end":{"line":367,"column":1}},"line":362},"7":{"name":"cleanMateri","decl":{"start":{"line":371,"column":0},"end":{"line":373,"column":1}},"loc":{"start":{"line":371,"column":0},"end":{"line":373,"column":1}},"line":371},"8":{"name":"cleanPemateri","decl":{"start":{"line":375,"column":0},"end":{"line":385,"column":1}},"loc":{"start":{"line":375,"column":0},"end":{"line":385,"column":1}},"line":375},"9":{"name":"parseWaktu","decl":{"start":{"line":389,"column":0},"end":{"line":434,"column":1}},"loc":{"start":{"line":389,"column":0},"end":{"line":434,"column":1}},"line":389},"10":{"name":"parseTempat","decl":{"start":{"line":438,"column":0},"end":{"line":460,"column":1}},"loc":{"start":{"line":438,"column":0},"end":{"line":460,"column":1}},"line":438},"11":{"name":"parseKontak","decl":{"start":{"line":464,"column":0},"end":{"line":476,"column":1}},"loc":{"start":{"line":464,"column":0},"end":{"line":476,"column":1}},"line":464},"12":{"name":"extractAudience","decl":{"start":{"line":478,"column":0},"end":{"line":486,"column":1}},"loc":{"start":{"line":478,"column":0},"end":{"line":486,"column":1}},"line":478},"13":{"name":"generateGradient","decl":{"start":{"line":490,"column":0},"end":{"line":502,"column":1}},"loc":{"start":{"line":490,"column":0},"end":{"line":502,"column":1}},"line":490},"14":{"name":"extractHimbauan","decl":{"start":{"line":506,"column":0},"end":{"line":522,"column":1}},"loc":{"start":{"line":506,"column":0},"end":{"line":522,"column":1}},"line":506}},"f":{"0":6,"1":6,"2":6,"3":6,"4":12,"5":0,"6":60,"7":12,"8":12,"9":12,"10":12,"11":12,"12":12,"13":12,"14":12}}
}
